<?xml version="1.0" encoding="UTF-8"?>
<!-- Generated by org.testng.reporters.JUnitXMLReporter -->
<testsuite ignored="0" hostname="DESKTOP-J67RFSQ" failures="0" tests="4" name="FullTestSuite" time="61.27" errors="0" timestamp="2025-06-26T16:36:22 EDT">
  <testcase classname="Test.SigupTest" name="testsignup" time="14.431"/>
  <testcase classname="Test.LoginTest" name="testLogin" time="7.555"/>
  <testcase classname="Test.ProductPageTest" name="testAddTwoProductsToCart" time="9.702"/>
  <testcase classname="Test.LogoutTest" name="testLogoutFunctionality" time="6.826"/>
</testsuite> <!-- FullTestSuite -->
